RAT, version 2.1.3
Status messages enabled: info detail 
Hostname: dunegpvm05.fnal.gov PID: 336
Seeding random number generator: 1688273648
DB: Loading /exp/dune/app/users/gyang/TheiaSimulations/install/share/theia/ratdb/DICHROICONS.ratdb ... Success!
DB: Loading /exp/dune/app/users/gyang/TheiaSimulations/install/share/theia/ratdb/HITMAN.ratdb ... Success!
DB: Loading /exp/dune/app/users/gyang/TheiaSimulations/install/share/theia/ratdb/LASERBALL.ratdb ... Success!
DB: Loading /exp/dune/app/users/gyang/TheiaSimulations/install/share/theia/ratdb/LED.ratdb ... Success!
DB: Loading /exp/dune/app/users/gyang/TheiaSimulations/install/share/theia/ratdb/MATERIALS_filters.ratdb ... Success!
DB: Loading /exp/dune/app/users/gyang/TheiaSimulations/install/share/theia/ratdb/MATERIALS_labppo.ratdb ... Success!
DB: Loading /exp/dune/app/users/gyang/TheiaSimulations/install/share/theia/ratdb/MATERIALS_wbls.ratdb ... Success!
DB: Loading /exp/dune/app/users/gyang/TheiaSimulations/install/share/theia/ratdb/OPTICS_filters.ratdb ... Success!
DB: Loading /exp/dune/app/users/gyang/TheiaSimulations/install/share/theia/ratdb/OPTICS_wbls.ratdb ... Success!
DB: Loading /exp/dune/app/users/gyang/TheiaSimulations/install/share/theia/ratdb/PMTCHARGE.ratdb ... Success!
DB: Loading /exp/dune/app/users/gyang/TheiaSimulations/install/share/theia/ratdb/PMTTRANSIT.ratdb ... Success!
DB: Loading /exp/dune/app/users/gyang/ratpac-two/ratdb/AFTERPULSEProc.ratdb ... Success!
DB: Loading /exp/dune/app/users/gyang/ratpac-two/ratdb/BNL_WLS_MODEL.ratdb ... Success!
DB: Loading /exp/dune/app/users/gyang/ratpac-two/ratdb/CRY.ratdb ... Success!
DB: Loading /exp/dune/app/users/gyang/ratpac-two/ratdb/DAQ.ratdb ... Success!
DB: Loading /exp/dune/app/users/gyang/ratpac-two/ratdb/DETECTOR.ratdb ... Success!
DB: Loading /exp/dune/app/users/gyang/ratpac-two/ratdb/DICEBOX158GD.ratdb ... Success!
DB: Loading /exp/dune/app/users/gyang/ratpac-two/ratdb/DIGITIZER.ratdb ... Success!
DB: Loading /exp/dune/app/users/gyang/ratpac-two/ratdb/DIGITIZER_ANALYSIS.ratdb ... Success!
DB: Loading /exp/dune/app/users/gyang/ratpac-two/ratdb/Decay0.ratdb ... Success!
DB: Loading /exp/dune/app/users/gyang/ratpac-two/ratdb/Decay0Backg.ratdb ... Success!
DB: Loading /exp/dune/app/users/gyang/ratpac-two/ratdb/ELEMENTS.ratdb ... Success!
DB: Loading /exp/dune/app/users/gyang/ratpac-two/ratdb/ESCrossSection.ratdb ... Success!
DB: Loading /exp/dune/app/users/gyang/ratpac-two/ratdb/FITTER.ratdb ... Success!
DB: Loading /exp/dune/app/users/gyang/ratpac-two/ratdb/FTP.ratdb ... Success!
DB: Loading /exp/dune/app/users/gyang/ratpac-two/ratdb/IBD.ratdb ... Success!
DB: Loading /exp/dune/app/users/gyang/ratpac-two/ratdb/IO.ratdb ... Success!
DB: Loading /exp/dune/app/users/gyang/ratpac-two/ratdb/LED.ratdb ... Success!
DB: Loading /exp/dune/app/users/gyang/ratpac-two/ratdb/MATERIALS.ratdb ... Success!
DB: Loading /exp/dune/app/users/gyang/ratpac-two/ratdb/MC.ratdb ... Success!
DB: Loading /exp/dune/app/users/gyang/ratpac-two/ratdb/NOISEProc.ratdb ... Success!
DB: Loading /exp/dune/app/users/gyang/ratpac-two/ratdb/OPTICS.ratdb ... Success!
DB: Loading /exp/dune/app/users/gyang/ratpac-two/ratdb/OPTICS_Dichroic.ratdb ... Success!
DB: Loading /exp/dune/app/users/gyang/ratpac-two/ratdb/OPTICS_Photocathode.ratdb ... Success!
DB: Loading /exp/dune/app/users/gyang/ratpac-two/ratdb/PHOTON_THINNING.ratdb ... Success!
DB: Loading /exp/dune/app/users/gyang/ratpac-two/ratdb/PHYSICS.ratdb ... Success!
DB: Loading /exp/dune/app/users/gyang/ratpac-two/ratdb/PMT.ratdb ... Success!
DB: Loading /exp/dune/app/users/gyang/ratpac-two/ratdb/PMTCHARGE.ratdb ... Success!
DB: Loading /exp/dune/app/users/gyang/ratpac-two/ratdb/PMTPULSES.ratdb ... Success!
DB: Loading /exp/dune/app/users/gyang/ratpac-two/ratdb/PMTTRANSIT.ratdb ... Success!
DB: Loading /exp/dune/app/users/gyang/ratpac-two/ratdb/QUENCHING.ratdb ... Success!
DB: Loading /exp/dune/app/users/gyang/ratpac-two/ratdb/RUN.ratdb ... Success!
DB: Loading /exp/dune/app/users/gyang/ratpac-two/ratdb/SOLAR.ratdb ... Success!
DB: Loading /exp/dune/app/users/gyang/ratpac-two/ratdb/SPECTRUM.ratdb ... Success!
DB: Loading /exp/dune/app/users/gyang/ratpac-two/ratdb/SPECTRUM_SUPERNOVA.ratdb ... Success!
DB: Loading /exp/dune/app/users/gyang/ratpac-two/ratdb/WIMP.ratdb ... Success!


          ################################
          !!! G4Backtrace is activated !!!
          ################################


**************************************************************
 Geant4 version Name: geant4-11-00-patch-01    (8-March-2022)
                       Copyright : Geant4 Collaboration
                      References : NIM A 506 (2003), 250-303
                                 : IEEE-TNS 53 (2006), 270-278
                                 : NIM A 835 (2016), 186-225
                             WWW : http://geant4.org/
**************************************************************

<<< Geant4 Physics List simulation engine: Shielding
Visualization Manager instantiating with verbosity "warnings (3)"...
Visualization Manager initialising...
Registering graphics systems...

You have successfully registered the following graphics systems.
Registered graphics systems are:
  ASCIITree (ATree)
  DAWNFILE (DAWNFILE)
  G4HepRepFile (HepRepFile)
  RayTracer (RayTracer)
  VRML2FILE (VRML2FILE)
  OpenGLImmediateQt (OGLIQt)
  OpenGLStoredQt (OGLSQt)

Registering model factories...

You have successfully registered the following model factories.
Registered model factories:
  generic
  drawByCharge
  drawByParticleID
  drawByOriginVolume
  drawByAttribute

Registered models:
  watchmodel (Current)

Registered filter factories:
  chargeFilter
  particleFilter
  originVolumeFilter
  attributeFilter

Registered filters:
  None

You have successfully registered the following user vis actions.
Run Duration User Vis Actions: none
End of Event User Vis Actions: none
End of Run User Vis Actions: none

Some /vis commands (optionally) take a string to specify colour.
"/vis/list" to see available colours.
  Digitizer: Channel Noise: ............   0.40 adc counts
  Digitizer: Sampling Rate: ............   0.50 ns
  Digitizer: Total Number of Samples: .. 512 
  Digitizer: Voltage offset: ........... 800.00 mV
  Digitizer: Voltage High: ............. 1000.00 mV
  Digitizer: Voltage Low: .............. -1000.00 mV
DB: Setting DETECTOR[] experiment to "Theia"
DB: Setting DETECTOR[] geo_file to "Theia/Theia_25kt.geo"
DB: Setting GEO[inner_pmts] pos_table to "PMTINFO_25kt_giant"
DB: Setting GEO[veto_pmts] enable to 0
DB: Setting GEO[inner_pmts] end_idx to 13
DB: Setting GEO[inner_pmts] pmt_model to "r14688"
DB: Setting GEO[inner_pmts] efficiency_correction to 0.9
DB: Setting GEO[inner_surface] material to "wbls_5pct"
DB: Setting GEO[world] material to "wbls_5pct"
Loading experiment-specific RATDB files for: Theia
DB: Loading /exp/dune/app/users/gyang/TheiaSimulations/install/share/theia/ratdb/Theia/PMTINFO.ratdb ... Success!
Found experiment files in /exp/dune/app/users/gyang/TheiaSimulations/install/share/theia/ratdb/Theia
DetectorConstruction: could not access DETECTOR[].detector_factory
Loading detector geometry from Theia/Theia_25kt.geo
Constructing detector materials...
Loaded material: [AR_coating]
Loaded material: [C15H24_lab]
Loaded material: [C16H26_lab]
Loaded material: [C17H28_lab]
Loaded material: [C18H30_lab]
Loaded material: [C19H32_lab]
Loaded material: [MgF2]
Loaded material: [NaI]
Loaded material: [Prelude]
Loaded material: [SNOnorite]
Loaded material: [TiO2]
Loaded material: [ZnO2]
Loaded material: [absorbing_longpass_450nm]
Loaded material: [absorbing_longpass_500nm]
Loaded material: [acrylic_SpartechSheet]
Loaded material: [acrylic_black]
Loaded material: [acrylic_polycast]
Loaded material: [acrylic_rpt]
Loaded material: [acrylic_sno]
Loaded material: [acrylic_suvt]
Loaded material: [acrylic_uva_McMaster]
Loaded material: [acrylic_uvt]
Loaded material: [acrylic_uvt_RPT]
Loaded material: [acrylic_uvt_eos_spec]
Loaded material: [acrylic_uvt_good]
Loaded material: [acrylic_white]
Loaded material: [air]
Loaded material: [aluminum]
Loaded material: [borosilicate_glass]
Loaded material: [cardboard]
Loaded material: [concrete]
Loaded material: [concrete_chess]
Loaded material: [concrete_kaplan]
Loaded material: [concrete_mcnp]
Loaded material: [copper]
Loaded material: [cryostat_vacuum]
Loaded material: [dead_liquid_Ar]
Loaded material: [dead_liquid_He]
Loaded material: [dead_liquid_Ne]
Loaded material: [dead_liquid_Xe]
Loaded material: [delrin]
Loaded material: [dodecane]
Loaded material: [eljen_WLSP]
Loaded material: [finemet]
Loaded material: [gd_scintillator]
G4Material::GetMaterial() WARNING: The material: mineral_oil does not exist in the table. Return NULL pointer.
[gd_scintillator] thrown on construction queue
Loaded material: [glass]
Loaded material: [gunite]
Loaded material: [hamamatsu_borosilicate_glass]
Loaded material: [kevlar]
Loaded material: [lab]
Loaded material: [laserball_ptfe]
Loaded material: [lead]
Loaded material: [lightcone]
Loaded material: [liquid_Ar]
Loaded material: [liquid_He]
Loaded material: [liquid_Ne]
Loaded material: [liquid_Xe]
Loaded material: [longpass_dichroic]
Loaded material: [longpass_dichroic_placeholder]
Loaded material: [mineral_oil]
Loaded material: [mirror]
Loaded material: [nylon]
Loaded material: [optical_grease]
Loaded material: [pen]
Loaded material: [pet]
Loaded material: [photocathode]
Loaded material: [photocathode_ETEL]
Loaded material: [photocathode_H11934]
Loaded material: [photocathode_R11065]
Loaded material: [photocathode_R11780]
Loaded material: [photocathode_R1408]
Loaded material: [photocathode_R3600]
Loaded material: [photocathode_R5912_HQE]
Loaded material: [photocathode_R7081HQE]
Loaded material: [photocathode_R7081_hqe]
Loaded material: [photocathode_et9390b]
Loaded material: [photocathode_lappd]
Loaded material: [photocathode_r14688]
Loaded material: [pmt_vacuum]
Loaded material: [polypropylene]
Loaded material: [polystyrene_foam]
Loaded material: [ppo]
Loaded material: [pseudocumene]
Loaded material: [ptfe]
Loaded material: [ptfe_fabric]
Loaded material: [pvc]
Loaded material: [quartz]
Loaded material: [rock]
Loaded material: [salt_water]
Loaded material: [sapphire]
Loaded material: [scintillator]
Loaded material: [shortpass_dichroic_450nm]
Loaded material: [shortpass_dichroic_500nm]
Loaded material: [shortpass_dichroic_placeholder]
Loaded material: [stainless_steel]
Loaded material: [stainless_steel_316L]
Loaded material: [steel]
Loaded material: [styrofoam]
Loaded material: [tungsten]
Loaded material: [tungsten_alloy]
Loaded material: [tyvek]
Loaded material: [vikuiti_esr]
Loaded material: [water]
Loaded material: [wbls_10pct]
Loaded material: [wbls_1pct]
Loaded material: [wbls_5pct]
queue (pass1): [gd_scintillator]
[gd_scintillator] found and removed from construction queue
Loading optics: AR_coating
No scaling for ABSLENGTH for AR_coating
No scaling for RSLENGTH for AR_coating
Loading optics: MgF2
No scaling for ABSLENGTH for MgF2
No scaling for RSLENGTH for MgF2
Loading optics: TiO2
No scaling for ABSLENGTH for TiO2
No scaling for RSLENGTH for TiO2
Loading optics: ZnO2
No scaling for ABSLENGTH for ZnO2
No scaling for RSLENGTH for ZnO2
Loading optics: absorbing_longpass_450nm
No scaling for ABSLENGTH for absorbing_longpass_450nm
No scaling for RSLENGTH for absorbing_longpass_450nm
Loading optics: absorbing_longpass_500nm
No scaling for ABSLENGTH for absorbing_longpass_500nm
No scaling for RSLENGTH for absorbing_longpass_500nm
Loading optics: acrylic_SpartechSheet
No scaling for ABSLENGTH for acrylic_SpartechSheet
No scaling for RSLENGTH for acrylic_SpartechSheet
Loading optics: acrylic_black
No scaling for ABSLENGTH for acrylic_black
No scaling for RSLENGTH for acrylic_black
Loading optics: acrylic_polycast
No scaling for ABSLENGTH for acrylic_polycast
No scaling for RSLENGTH for acrylic_polycast
Loading optics: acrylic_rpt
No scaling for ABSLENGTH for acrylic_rpt
No scaling for RSLENGTH for acrylic_rpt
Loading optics: acrylic_sno
No scaling for ABSLENGTH for acrylic_sno
No scaling for RSLENGTH for acrylic_sno
Loading optics: acrylic_suvt
No scaling for ABSLENGTH for acrylic_suvt
No scaling for RSLENGTH for acrylic_suvt
Loading optics: acrylic_uva_McMaster
No scaling for ABSLENGTH for acrylic_uva_McMaster
No scaling for RSLENGTH for acrylic_uva_McMaster
Loading optics: acrylic_uvt
No scaling for ABSLENGTH for acrylic_uvt
No scaling for RSLENGTH for acrylic_uvt
Loading optics: acrylic_uvt_RPT
No scaling for ABSLENGTH for acrylic_uvt_RPT
No scaling for RSLENGTH for acrylic_uvt_RPT
Loading optics: acrylic_uvt_eos_spec
No scaling for ABSLENGTH for acrylic_uvt_eos_spec
No scaling for RSLENGTH for acrylic_uvt_eos_spec
Loading optics: acrylic_uvt_good
No scaling for ABSLENGTH for acrylic_uvt_good
No scaling for RSLENGTH for acrylic_uvt_good
Loading optics: acrylic_white
No scaling for ABSLENGTH for acrylic_white
No scaling for RSLENGTH for acrylic_white
Loading optics: air
No scaling for ABSLENGTH for air
No scaling for RSLENGTH for air
Loading optics: aluminum
No scaling for ABSLENGTH for aluminum
No scaling for RSLENGTH for aluminum
Loading optics: copper
No scaling for ABSLENGTH for copper
No scaling for RSLENGTH for copper
Loading optics: cryostat_vacuum
No scaling for ABSLENGTH for cryostat_vacuum
No scaling for RSLENGTH for cryostat_vacuum
Loading optics: eljen_WLSP
No scaling for ABSLENGTH for eljen_WLSP
No scaling for RSLENGTH for eljen_WLSP
Loading optics: gd_scintillator
No scaling for ABSLENGTH for gd_scintillator
No scaling for RSLENGTH for gd_scintillator
Loading optics: glass
No scaling for ABSLENGTH for glass
No scaling for RSLENGTH for glass
Loading optics: laserball_ptfe
No scaling for ABSLENGTH for laserball_ptfe
No scaling for RSLENGTH for laserball_ptfe
Loading optics: lightcone
No scaling for ABSLENGTH for lightcone
No scaling for RSLENGTH for lightcone
Loading optics: longpass_dichroic
No scaling for ABSLENGTH for longpass_dichroic
No scaling for RSLENGTH for longpass_dichroic
Loading optics: longpass_dichroic_placeholder
No scaling for ABSLENGTH for longpass_dichroic_placeholder
No scaling for RSLENGTH for longpass_dichroic_placeholder
Loading optics: mineral_oil
No scaling for ABSLENGTH for mineral_oil
No scaling for RSLENGTH for mineral_oil
Loading optics: mirror
No scaling for ABSLENGTH for mirror
No scaling for RSLENGTH for mirror
Loading optics: nylon
No scaling for ABSLENGTH for nylon
No scaling for RSLENGTH for nylon
Loading optics: optical_grease
No scaling for ABSLENGTH for optical_grease
No scaling for RSLENGTH for optical_grease
Loading optics: photocathode
No scaling for ABSLENGTH for photocathode
No scaling for RSLENGTH for photocathode
Loading optics: photocathode_ETEL
No scaling for ABSLENGTH for photocathode_ETEL
No scaling for RSLENGTH for photocathode_ETEL
Loading optics: photocathode_H11934
No scaling for ABSLENGTH for photocathode_H11934
No scaling for RSLENGTH for photocathode_H11934
Loading optics: photocathode_R11065
No scaling for ABSLENGTH for photocathode_R11065
No scaling for RSLENGTH for photocathode_R11065
Loading optics: photocathode_R11780
No scaling for ABSLENGTH for photocathode_R11780
No scaling for RSLENGTH for photocathode_R11780
Loading optics: photocathode_R1408
No scaling for ABSLENGTH for photocathode_R1408
No scaling for RSLENGTH for photocathode_R1408
Loading optics: photocathode_R3600
No scaling for ABSLENGTH for photocathode_R3600
No scaling for RSLENGTH for photocathode_R3600
Loading optics: photocathode_R7081HQE
No scaling for ABSLENGTH for photocathode_R7081HQE
No scaling for RSLENGTH for photocathode_R7081HQE
Loading optics: photocathode_et9390b
No scaling for ABSLENGTH for photocathode_et9390b
No scaling for RSLENGTH for photocathode_et9390b
Loading optics: photocathode_lappd
No scaling for ABSLENGTH for photocathode_lappd
No scaling for RSLENGTH for photocathode_lappd
Loading optics: photocathode_r14688
No scaling for ABSLENGTH for photocathode_r14688
No scaling for RSLENGTH for photocathode_r14688
Loading optics: pmt_vacuum
No scaling for ABSLENGTH for pmt_vacuum
No scaling for RSLENGTH for pmt_vacuum
Loading optics: pseudocumene
Loading optics: ptfe
No scaling for ABSLENGTH for ptfe
No scaling for RSLENGTH for ptfe
Loading optics: ptfe_fabric
No scaling for ABSLENGTH for ptfe_fabric
No scaling for RSLENGTH for ptfe_fabric
Loading optics: quartz
No scaling for ABSLENGTH for quartz
No scaling for RSLENGTH for quartz
Loading optics: salt_water
No scaling for ABSLENGTH for salt_water
No scaling for RSLENGTH for salt_water
Loading optics: sapphire
No scaling for ABSLENGTH for sapphire
No scaling for RSLENGTH for sapphire
Loading optics: scintillator
No scaling for ABSLENGTH for scintillator
No scaling for RSLENGTH for scintillator
Loading optics: shortpass_dichroic_450nm
No scaling for ABSLENGTH for shortpass_dichroic_450nm
No scaling for RSLENGTH for shortpass_dichroic_450nm
Loading optics: shortpass_dichroic_500nm
No scaling for ABSLENGTH for shortpass_dichroic_500nm
No scaling for RSLENGTH for shortpass_dichroic_500nm
Loading optics: shortpass_dichroic_placeholder
No scaling for ABSLENGTH for shortpass_dichroic_placeholder
No scaling for RSLENGTH for shortpass_dichroic_placeholder
Loading optics: stainless_steel
No scaling for ABSLENGTH for stainless_steel
No scaling for RSLENGTH for stainless_steel
Loading optics: stainless_steel_316L
No scaling for ABSLENGTH for stainless_steel_316L
No scaling for RSLENGTH for stainless_steel_316L
Loading optics: styrofoam
No scaling for ABSLENGTH for styrofoam
No scaling for RSLENGTH for styrofoam
Loading optics: tyvek
No scaling for ABSLENGTH for tyvek
No scaling for RSLENGTH for tyvek
Loading optics: water
No scaling for ABSLENGTH for water
No scaling for RSLENGTH for water
Loading optics: wbls_10pct
No scaling for RSLENGTH for wbls_10pct
Loading optics: wbls_1pct
No scaling for RSLENGTH for wbls_1pct
Loading optics: wbls_5pct
No scaling for RSLENGTH for wbls_5pct
Getting dichroic data for Material: longpass_dichroic from file: /exp/dune/app/users/gyang/ratpac-two/ratdb/dichroic_data/knight_longpass_480nm_from_manufacturer.dat
Getting dichroic data for Material: longpass_dichroic_placeholder from file: /exp/dune/app/users/gyang/ratpac-two/ratdb/dichroic_data/knight_longpass_480nm_from_manufacturer.dat
Getting dichroic data for Material: shortpass_dichroic_450nm from file: /exp/dune/app/users/gyang/TheiaSimulations/install/share/theia/ratdb/dichroic_data/dichroic_shortpass_450nm_Edmund_spectrophotometer_water_convertedToOneSide.dat
Getting dichroic data for Material: shortpass_dichroic_500nm from file: /exp/dune/app/users/gyang/TheiaSimulations/install/share/theia/ratdb/dichroic_data/dichroic_shortpass_500nm_Edmund_spectrophotometer_water_convertedToOneSide.dat
Getting dichroic data for Material: shortpass_dichroic_placeholder from file: /exp/dune/app/users/gyang/ratpac-two/ratdb/dichroic_data/knight_shortpass_450nm_from_manufacturer.dat
GeoSolidFactory: Constructing volume world
GeoSolidFactory: Constructing volume inner_surface
PMTArrayFactory: Constructing volume inner_pmts
    start_idx: 0
    end_idx: 13
Forcing B efficiency<= 1
inner_pmts_optical_model: Individual efficiency correction table set

 hInelastic Shielding : threshold between BERT and FTFP is over the interval 
 for pions :   3 to 6 GeV
 for kaons :   3 to 6 GeV
 for proton :  3 to 6 GeV
 for neutron : 3 to 6 GeV

/cvmfs/larsoft.opensciencegrid.org/products/g4neutron/v4_6/G4NDL4.6
@@@ G4ParticleHPInelastic instantiated for particle neutron data directory variable is G4NEUTRONHPDATA pointing to /cvmfs/larsoft.opensciencegrid.org/products/g4neutron/v4_6/G4NDL4.6/Inelastic
@@@ G4ParticleHPInelasticData instantiated for particle neutron data directory variable is G4NEUTRONHPDATA pointing to /cvmfs/larsoft.opensciencegrid.org/products/g4neutron/v4_6/G4NDL4.6
NeutronHP: /Capture file for Z = 6, A = 12 is not found and NeutronHP will use /cvmfs/larsoft.opensciencegrid.org/products/g4neutron/v4_6/G4NDL4.6/Capture/CrossSection/6_nat_Carbon
NeutronHP: /Elastic file for Z = 6, A = 12 is not found and NeutronHP will use /cvmfs/larsoft.opensciencegrid.org/products/g4neutron/v4_6/G4NDL4.6/Elastic/CrossSection/6_nat_Carbon
NeutronHP: /Inelastic file for Z = 6, A = 12 is not found and NeutronHP will use /cvmfs/larsoft.opensciencegrid.org/products/g4neutron/v4_6/G4NDL4.6/Inelastic/CrossSection/6_nat_Carbon
GLG4Scint: No reemission spectrum for material scintillator for default scint process, setting equal to primary scintillation spectrum
GLG4Scint: No light yield parameter for scintillator for default scint process, assuming it is implicit in the scintillation integral
GLG4Scint: No reemission spectrum for material wbls_10pct component number 0 for default scint process, using the reemission spectrum defined for the material instead
GLG4Scint: No reemission spectrum for material wbls_10pct component number 1 for default scint process, using the reemission spectrum defined for the material instead
GLG4Scint: No reemission spectrum for material wbls_10pct component number 2 for default scint process, using the reemission spectrum defined for the material instead
GLG4Scint: No reemission spectrum for material wbls_1pct component number 0 for default scint process, using the reemission spectrum defined for the material instead
GLG4Scint: No reemission spectrum for material wbls_1pct component number 1 for default scint process, using the reemission spectrum defined for the material instead
GLG4Scint: No reemission spectrum for material wbls_1pct component number 2 for default scint process, using the reemission spectrum defined for the material instead
GLG4Scint: No reemission spectrum for material wbls_5pct component number 0 for default scint process, using the reemission spectrum defined for the material instead
GLG4Scint: No reemission spectrum for material wbls_5pct component number 1 for default scint process, using the reemission spectrum defined for the material instead
GLG4Scint: No reemission spectrum for material wbls_5pct component number 2 for default scint process, using the reemission spectrum defined for the material instead
GLG4Scint: No reemission spectrum for material gd_scintillator for default scint process, setting equal to primary scintillation spectrum
GLG4Scint: No light yield parameter for gd_scintillator for default scint process, assuming it is implicit in the scintillation integral
GLG4Scint: Using default process emission spectrum for emission and reemission for proton process in eljen_WLSP
GLG4Scint: Using default process emission spectrum for emission and reemission for proton process in scintillator
GLG4Scint: No reemission spectrum for proton scint process for material wbls_10pct component 0, or for the material. This will not reemit unless default process has emission spectrum, which will be used!
GLG4Scint: No reemission spectrum for proton scint process for material wbls_10pct component 1, or for the material. This will not reemit unless default process has emission spectrum, which will be used!
GLG4Scint: No reemission spectrum for proton scint process for material wbls_10pct component 2, or for the material. This will not reemit unless default process has emission spectrum, which will be used!
GLG4Scint: Using default process emission spectrum for emission and reemission for proton process in wbls_10pct
GLG4Scint: No reemission spectrum for proton scint process for material wbls_1pct component 0, or for the material. This will not reemit unless default process has emission spectrum, which will be used!
GLG4Scint: No reemission spectrum for proton scint process for material wbls_1pct component 1, or for the material. This will not reemit unless default process has emission spectrum, which will be used!
GLG4Scint: No reemission spectrum for proton scint process for material wbls_1pct component 2, or for the material. This will not reemit unless default process has emission spectrum, which will be used!
GLG4Scint: Using default process emission spectrum for emission and reemission for proton process in wbls_1pct
GLG4Scint: No reemission spectrum for proton scint process for material wbls_5pct component 0, or for the material. This will not reemit unless default process has emission spectrum, which will be used!
GLG4Scint: No reemission spectrum for proton scint process for material wbls_5pct component 1, or for the material. This will not reemit unless default process has emission spectrum, which will be used!
GLG4Scint: No reemission spectrum for proton scint process for material wbls_5pct component 2, or for the material. This will not reemit unless default process has emission spectrum, which will be used!
GLG4Scint: Using default process emission spectrum for emission and reemission for proton process in wbls_5pct
GLG4Scint: Using default process emission spectrum for emission and reemission for proton process in gd_scintillator
GLG4Scint: Using default process emission spectrum for emission and reemission for neutron process in eljen_WLSP
GLG4Scint: Using default process emission spectrum for emission and reemission for neutron process in scintillator
GLG4Scint: No reemission spectrum for neutron scint process for material wbls_10pct component 0, or for the material. This will not reemit unless default process has emission spectrum, which will be used!
GLG4Scint: No reemission spectrum for neutron scint process for material wbls_10pct component 1, or for the material. This will not reemit unless default process has emission spectrum, which will be used!
GLG4Scint: No reemission spectrum for neutron scint process for material wbls_10pct component 2, or for the material. This will not reemit unless default process has emission spectrum, which will be used!
GLG4Scint: Using default process emission spectrum for emission and reemission for neutron process in wbls_10pct
GLG4Scint: No reemission spectrum for neutron scint process for material wbls_1pct component 0, or for the material. This will not reemit unless default process has emission spectrum, which will be used!
GLG4Scint: No reemission spectrum for neutron scint process for material wbls_1pct component 1, or for the material. This will not reemit unless default process has emission spectrum, which will be used!
GLG4Scint: No reemission spectrum for neutron scint process for material wbls_1pct component 2, or for the material. This will not reemit unless default process has emission spectrum, which will be used!
GLG4Scint: Using default process emission spectrum for emission and reemission for neutron process in wbls_1pct
GLG4Scint: No reemission spectrum for neutron scint process for material wbls_5pct component 0, or for the material. This will not reemit unless default process has emission spectrum, which will be used!
GLG4Scint: No reemission spectrum for neutron scint process for material wbls_5pct component 1, or for the material. This will not reemit unless default process has emission spectrum, which will be used!
GLG4Scint: No reemission spectrum for neutron scint process for material wbls_5pct component 2, or for the material. This will not reemit unless default process has emission spectrum, which will be used!
GLG4Scint: Using default process emission spectrum for emission and reemission for neutron process in wbls_5pct
GLG4Scint: Using default process emission spectrum for emission and reemission for neutron process in gd_scintillator
GLG4Scint: Using default process emission spectrum for emission and reemission for alpha process in eljen_WLSP
GLG4Scint: Using default process emission spectrum for emission and reemission for alpha process in scintillator
GLG4Scint: No reemission spectrum for alpha scint process for material wbls_10pct component 0, or for the material. This will not reemit unless default process has emission spectrum, which will be used!
GLG4Scint: No reemission spectrum for alpha scint process for material wbls_10pct component 1, or for the material. This will not reemit unless default process has emission spectrum, which will be used!
GLG4Scint: No reemission spectrum for alpha scint process for material wbls_10pct component 2, or for the material. This will not reemit unless default process has emission spectrum, which will be used!
GLG4Scint: Using default process emission spectrum for emission and reemission for alpha process in wbls_10pct
GLG4Scint: No reemission spectrum for alpha scint process for material wbls_1pct component 0, or for the material. This will not reemit unless default process has emission spectrum, which will be used!
GLG4Scint: No reemission spectrum for alpha scint process for material wbls_1pct component 1, or for the material. This will not reemit unless default process has emission spectrum, which will be used!
GLG4Scint: No reemission spectrum for alpha scint process for material wbls_1pct component 2, or for the material. This will not reemit unless default process has emission spectrum, which will be used!
GLG4Scint: Using default process emission spectrum for emission and reemission for alpha process in wbls_1pct
GLG4Scint: No reemission spectrum for alpha scint process for material wbls_5pct component 0, or for the material. This will not reemit unless default process has emission spectrum, which will be used!
GLG4Scint: No reemission spectrum for alpha scint process for material wbls_5pct component 1, or for the material. This will not reemit unless default process has emission spectrum, which will be used!
GLG4Scint: No reemission spectrum for alpha scint process for material wbls_5pct component 2, or for the material. This will not reemit unless default process has emission spectrum, which will be used!
GLG4Scint: Using default process emission spectrum for emission and reemission for alpha process in wbls_5pct
GLG4Scint: Using default process emission spectrum for emission and reemission for alpha process in gd_scintillator
PhysicsList::SetOpWLSModel: Set WLS model to ""
The Cerenkov effect simulates optical photons created by the
passage of charged particles through matter. Materials need
to have the property RINDEX (refractive index) defined.
Process Name Cerenkov : Type[Electromagnetic] : SubType[21]
Maximum beta change per step: 10Maximum photons per step: 1Track secondaries first: 1Stack photons: 1Verbose level: 0Process Name Attenuation : Type[Optical] : SubType[31]
GLG4Scint[] {
  fLowerMassLimit=0
}
GLG4Scint[proton] {
  fLowerMassLimit=844.445
}
GLG4Scint[neutron] {
  fLowerMassLimit=938.626
}
GLG4Scint[alpha] {
  fLowerMassLimit=3354.64
}
Process Name OpBoundary : Type[Optical] : SubType[32]
VertexFile_Gen: Reading from genie_neutrino_cc2023_swap1_1000_1001.root
=======================================================================
======                 Electromagnetic Physics Parameters      ========
=======================================================================
LPM effect enabled                                 1
Enable creation and use of sampling tables         0
Apply cuts on all EM processes                     0
Use general process                                0
Enable linear polarisation for gamma               0
Enable sampling of quantum entanglement            0
X-section factor for integral approach             0.8
Min kinetic energy for tables                      100 eV 
Max kinetic energy for tables                      100 TeV
Number of bins per decade of a table               7
Verbose level                                      1
Verbose level for worker thread                    0
Bremsstrahlung energy threshold above which 
  primary e+- is added to the list of secondary    100 TeV
Bremsstrahlung energy threshold above which primary
  muon/hadron is added to the list of secondary    100 TeV
Lowest triplet kinetic energy                      1 MeV
Enable sampling of gamma linear polarisation       0
5D gamma conversion model type                     0
5D gamma conversion model on isolated ion          0
Livermore data directory                           livermore
=======================================================================
======                 Ionisation Parameters                   ========
=======================================================================
Step function for e+-                              (0.2, 1 mm)
Step function for muons/hadrons                    (0.01, 0.01 mm)
Step function for light ions                       (0.01, 0.01 mm)
Step function for general ions                     (0.2, 0.1 mm)
Lowest e+e- kinetic energy                         1 keV
Lowest muon/hadron kinetic energy                  1 keV
Fluctuations of dE/dx are enabled                  1
Use ICRU90 data                                    0
Use built-in Birks satuaration                     0
Build CSDA range enabled                           0
Use cut as a final range enabled                   0
Enable angular generator interface                 0
Max kinetic energy for CSDA tables                 1 GeV
Max kinetic energy for NIEL computation            0 eV 
Linear loss limit                                  0.01
Read data from file for e+e- pair production by mu 0
=======================================================================
======                 Multiple Scattering Parameters          ========
=======================================================================
Type of msc step limit algorithm for e+-           1
Type of msc step limit algorithm for muons/hadrons 0
Msc lateral displacement for e+- enabled           1
Msc lateral displacement for muons and hadrons     0
Urban msc model lateral displacement alg96         1
Range factor for msc step limit for e+-            0.04
Range factor for msc step limit for muons/hadrons  0.2
Geometry factor for msc step limitation of e+-     2.5
Safety factor for msc step limit for e+-           0.6
Skin parameter for msc step limitation of e+-      1
Lambda limit for msc step limit for e+-            1 mm
Use Mott correction for e- scattering              0
Factor used for dynamic computation of angular 
  limit between single and multiple scattering     1
Fixed angular limit between single 
  and multiple scattering                          3.1416 rad
Upper energy limit for e+- multiple scattering     100 MeV
Type of electron single scattering model           0
Type of nuclear form-factor                        1
Screening factor                                   1
=======================================================================
======                 Atomic Deexcitation Parameters          ========
=======================================================================
Fluorescence enabled                               1
Fluorescence Bearden data files enabled            0
Fluorescence ANSTO data files enabled              0
Auger electron cascade enabled                     1
PIXE atomic de-excitation enabled                  0
De-excitation module ignores cuts                  1
Type of PIXE cross section for hadrons             Empirical
Type of PIXE cross section for e+-                 Livermore
=======================================================================

### ===  Deexcitation model UAtomDeexcitation is activated for 2 regions:
          DefaultRegionForTheWorld  1  1  0
          inner_pmts_GLG4_PMTOpticalRegion  1  1  0
### ===  Auger flag: 1
### ===  Ignore cuts flag:   1

phot:  for gamma SubType=12 BuildTable=0
      LambdaPrime table from 200 keV to 100 TeV in 61 bins 
      ===== EM models for the G4Region  DefaultRegionForTheWorld ======
 LivermorePhElectric : Emin=    0 eV  Emax=  100 TeV  SauterGavrila Fluo

compt:  for gamma SubType=13 BuildTable=1
      Lambda table from 100 eV  to 1 MeV, 7 bins/decade, spline: 1
      LambdaPrime table from 1 MeV to 100 TeV in 56 bins 
      ===== EM models for the G4Region  DefaultRegionForTheWorld ======
       Klein-Nishina : Emin=    0 eV  Emax=  100 TeV

conv:  for gamma SubType=14 BuildTable=1
      Lambda table from 1.022 MeV to 100 TeV, 18 bins/decade, spline: 1
      ===== EM models for the G4Region  DefaultRegionForTheWorld ======
     BetheHeitlerLPM : Emin=    0 eV  Emax=  100 TeV  ModifiedTsai

Rayl:  for gamma SubType=11 BuildTable=1
      Lambda table from 100 eV  to 100 keV, 7 bins/decade, spline: 0
      LambdaPrime table from 100 keV to 100 TeV in 63 bins 
      ===== EM models for the G4Region  DefaultRegionForTheWorld ======
   LivermoreRayleigh : Emin=    0 eV  Emax=  100 TeV  CullenGenerator

msc:  for e-  SubType= 10
      ===== EM models for the G4Region  DefaultRegionForTheWorld ======
            UrbanMsc : Emin=    0 eV  Emax=  100 MeV Nbins=42 100 eV  - 100 MeV
          StepLim=UseSafety Rfact=0.04 Gfact=2.5 Sfact=0.6 DispFlag:1 Skin=1 Llim=1 mm
        WentzelVIUni : Emin=  100 MeV Emax=  100 TeV Nbins=42 100 MeV - 100 TeV
          StepLim=UseSafety Rfact=0.04 Gfact=2.5 Sfact=0.6 DispFlag:1 Skin=1 Llim=1 mm

eIoni:  for e-  XStype:1  SubType=2
      dE/dx and range tables from 100 eV  to 100 TeV in 84 bins
      Lambda tables from threshold to 100 TeV, 7 bins/decade, spline: 1
      StepFunction=(0.2, 1 mm), integ: 1, fluct: 1, linLossLim= 0.01
      ===== EM models for the G4Region  DefaultRegionForTheWorld ======
        MollerBhabha : Emin=    0 eV  Emax=  100 TeV

eBrem:  for e-  XStype:4  SubType=3
      dE/dx and range tables from 100 eV  to 100 TeV in 84 bins
      Lambda tables from threshold to 100 TeV, 7 bins/decade, spline: 1
      LPM flag: 1 for E > 1 GeV,  VertexHighEnergyTh(GeV)= 100000
      ===== EM models for the G4Region  DefaultRegionForTheWorld ======
             eBremSB : Emin=    0 eV  Emax=    1 GeV  ModifiedTsai
            eBremLPM : Emin=    1 GeV Emax=  100 TeV  ModifiedTsai

CoulombScat:  for e- XStype:1 SubType=1 BuildTable=1
      Lambda table from 100 MeV to 100 TeV, 7 bins/decade, spline: 0
      ThetaMin(p) < Theta(degree) < 180; pLimit(GeV^1)= 0.139531
      ===== EM models for the G4Region  DefaultRegionForTheWorld ======
  eCoulombScattering : Emin=  100 MeV Emax=  100 TeV

msc:  for e+  SubType= 10
      ===== EM models for the G4Region  DefaultRegionForTheWorld ======
            UrbanMsc : Emin=    0 eV  Emax=  100 MeV Nbins=42 100 eV  - 100 MeV
          StepLim=UseSafety Rfact=0.04 Gfact=2.5 Sfact=0.6 DispFlag:1 Skin=1 Llim=1 mm
        WentzelVIUni : Emin=  100 MeV Emax=  100 TeV Nbins=42 100 MeV - 100 TeV
          StepLim=UseSafety Rfact=0.04 Gfact=2.5 Sfact=0.6 DispFlag:1 Skin=1 Llim=1 mm

eIoni:  for e+  XStype:1  SubType=2
      dE/dx and range tables from 100 eV  to 100 TeV in 84 bins
      Lambda tables from threshold to 100 TeV, 7 bins/decade, spline: 1
      StepFunction=(0.2, 1 mm), integ: 1, fluct: 1, linLossLim= 0.01
      ===== EM models for the G4Region  DefaultRegionForTheWorld ======
        MollerBhabha : Emin=    0 eV  Emax=  100 TeV

eBrem:  for e+  XStype:4  SubType=3
      dE/dx and range tables from 100 eV  to 100 TeV in 84 bins
      Lambda tables from threshold to 100 TeV, 7 bins/decade, spline: 1
      LPM flag: 1 for E > 1 GeV,  VertexHighEnergyTh(GeV)= 100000
      ===== EM models for the G4Region  DefaultRegionForTheWorld ======
             eBremSB : Emin=    0 eV  Emax=    1 GeV  ModifiedTsai
            eBremLPM : Emin=    1 GeV Emax=  100 TeV  ModifiedTsai

annihil:  for e+ XStype:2 SubType=5 BuildTable=0
      ===== EM models for the G4Region  DefaultRegionForTheWorld ======
            eplus2gg : Emin=    0 eV  Emax=  100 TeV

CoulombScat:  for e+ XStype:1 SubType=1 BuildTable=1
      Lambda table from 100 MeV to 100 TeV, 7 bins/decade, spline: 0
      ThetaMin(p) < Theta(degree) < 180; pLimit(GeV^1)= 0.139531
      ===== EM models for the G4Region  DefaultRegionForTheWorld ======
  eCoulombScattering : Emin=  100 MeV Emax=  100 TeV

msc:  for proton  SubType= 10
      ===== EM models for the G4Region  DefaultRegionForTheWorld ======
        WentzelVIUni : Emin=    0 eV  Emax=  100 TeV Nbins=84 100 eV  - 100 TeV
          StepLim=Minimal Rfact=0.2 Gfact=2.5 Sfact=0.6 DispFlag:0 Skin=1 Llim=1 mm

hIoni:  for proton  XStype:1  SubType=2
      dE/dx and range tables from 100 eV  to 100 TeV in 84 bins
      Lambda tables from threshold to 100 TeV, 7 bins/decade, spline: 1
      StepFunction=(0.01, 0.01 mm), integ: 1, fluct: 1, linLossLim= 0.01
      ===== EM models for the G4Region  DefaultRegionForTheWorld ======
               Bragg : Emin=    0 eV  Emax=    2 MeV
          BetheBloch : Emin=    2 MeV Emax=  100 TeV

hBrems:  for proton  XStype:1  SubType=3
      dE/dx and range tables from 100 eV  to 100 TeV in 84 bins
      Lambda tables from threshold to 100 TeV, 7 bins/decade, spline: 0
      ===== EM models for the G4Region  DefaultRegionForTheWorld ======
               hBrem : Emin=    0 eV  Emax=  100 TeV  ModifiedMephi

hPairProd:  for proton  XStype:1  SubType=4
      dE/dx and range tables from 100 eV  to 100 TeV in 84 bins
      Lambda tables from threshold to 100 TeV, 7 bins/decade, spline: 0
      Sampling table 17x1001; from 7.50618 GeV to 100 TeV 
      ===== EM models for the G4Region  DefaultRegionForTheWorld ======
           hPairProd : Emin=    0 eV  Emax=  100 TeV  ModifiedMephi

CoulombScat:  for proton XStype:1 SubType=1 BuildTable=1
      Lambda table from threshold  to 100 TeV, 7 bins/decade, spline: 0
      ThetaMin(p) < Theta(degree) < 180; pLimit(GeV^1)= 0.139531
      ===== EM models for the G4Region  DefaultRegionForTheWorld ======
  eCoulombScattering : Emin=    0 eV  Emax=  100 TeV

msc:  for GenericIon  SubType= 10
      ===== EM models for the G4Region  DefaultRegionForTheWorld ======
            UrbanMsc : Emin=    0 eV  Emax=  100 TeV
          StepLim=Minimal Rfact=0.2 Gfact=2.5 Sfact=0.6 DispFlag:0 Skin=1 Llim=1 mm

ionIoni:  for GenericIon  XStype:1  SubType=2
      dE/dx and range tables from 100 eV  to 100 TeV in 84 bins
      Lambda tables from threshold to 100 TeV, 7 bins/decade, spline: 1
      StepFunction=(0.01, 0.01 mm), integ: 1, fluct: 1, linLossLim= 0.02
      Stopping Power data for 17 ion/material pairs
      ===== EM models for the G4Region  DefaultRegionForTheWorld ======
            BraggIon : Emin=    0 eV  Emax=    2 MeV
          BetheBloch : Emin=    2 MeV Emax=  100 TeV
======================================================================
======          Radioactive Decay Physics Parameters           =======
======================================================================
Max life time                                     1.4427e+06 ps
Internal e- conversion flag                       1
Stored internal conversion coefficients           1
Enable correlated gamma emission                  0
Max 2J for sampling of angular correlations       10
Atomic de-excitation enabled                      1
Auger electron emission enabled                   1
Check EM cuts disabled for atomic de-excitation   1
Use Bearden atomic level energies                 0
Use ANSTO fluorescence model                      0
Threshold for very long decay time at rest        1e+27  ns
======================================================================

msc:  for alpha  SubType= 10
      ===== EM models for the G4Region  DefaultRegionForTheWorld ======
            UrbanMsc : Emin=    0 eV  Emax=  100 TeV
          StepLim=Minimal Rfact=0.2 Gfact=2.5 Sfact=0.6 DispFlag:0 Skin=1 Llim=1 mm

ionIoni:  for alpha  XStype:1  SubType=2
      dE/dx and range tables from 100 eV  to 100 TeV in 84 bins
      Lambda tables from threshold to 100 TeV, 7 bins/decade, spline: 1
      StepFunction=(0.01, 0.01 mm), integ: 1, fluct: 1, linLossLim= 0.02
      ===== EM models for the G4Region  DefaultRegionForTheWorld ======
            BraggIon : Emin=    0 eV  Emax=7.9452 MeV
          BetheBloch : Emin=7.9452 MeV Emax=  100 TeV

msc:  for anti_proton  SubType= 10
      ===== EM models for the G4Region  DefaultRegionForTheWorld ======
        WentzelVIUni : Emin=    0 eV  Emax=  100 TeV Nbins=84 100 eV  - 100 TeV
          StepLim=Minimal Rfact=0.2 Gfact=2.5 Sfact=0.6 DispFlag:0 Skin=1 Llim=1 mm

hIoni:  for anti_proton  XStype:1  SubType=2
      dE/dx and range tables from 100 eV  to 100 TeV in 84 bins
      Lambda tables from threshold to 100 TeV, 7 bins/decade, spline: 1
      StepFunction=(0.01, 0.01 mm), integ: 1, fluct: 1, linLossLim= 0.01
      ===== EM models for the G4Region  DefaultRegionForTheWorld ======
            ICRU73QO : Emin=    0 eV  Emax=    2 MeV
          BetheBloch : Emin=    2 MeV Emax=  100 TeV

hBrems:  for anti_proton  XStype:1  SubType=3
      dE/dx and range tables from 100 eV  to 100 TeV in 84 bins
      Lambda tables from threshold to 100 TeV, 7 bins/decade, spline: 0
      ===== EM models for the G4Region  DefaultRegionForTheWorld ======
               hBrem : Emin=    0 eV  Emax=  100 TeV  ModifiedMephi

hPairProd:  for anti_proton  XStype:1  SubType=4
      dE/dx and range tables from 100 eV  to 100 TeV in 84 bins
      Lambda tables from threshold to 100 TeV, 7 bins/decade, spline: 0
      Sampling table 17x1001; from 7.50618 GeV to 100 TeV 
      ===== EM models for the G4Region  DefaultRegionForTheWorld ======
           hPairProd : Emin=    0 eV  Emax=  100 TeV  ModifiedMephi

CoulombScat:  for anti_proton XStype:1 SubType=1 BuildTable=1
      Lambda table from threshold  to 100 TeV, 7 bins/decade, spline: 0
      ThetaMin(p) < Theta(degree) < 180; pLimit(GeV^1)= 0.139531
      ===== EM models for the G4Region  DefaultRegionForTheWorld ======
  eCoulombScattering : Emin=    0 eV  Emax=  100 TeV

msc:  for kaon+  SubType= 10
      ===== EM models for the G4Region  DefaultRegionForTheWorld ======
        WentzelVIUni : Emin=    0 eV  Emax=  100 TeV Nbins=84 100 eV  - 100 TeV
          StepLim=Minimal Rfact=0.2 Gfact=2.5 Sfact=0.6 DispFlag:0 Skin=1 Llim=1 mm

hIoni:  for kaon+  XStype:1  SubType=2
      dE/dx and range tables from 100 eV  to 100 TeV in 84 bins
      Lambda tables from threshold to 100 TeV, 7 bins/decade, spline: 1
      StepFunction=(0.01, 0.01 mm), integ: 1, fluct: 1, linLossLim= 0.01
      ===== EM models for the G4Region  DefaultRegionForTheWorld ======
               Bragg : Emin=    0 eV  Emax=1.05231 MeV
          BetheBloch : Emin=1.05231 MeV Emax=  100 TeV

hBrems:  for kaon+  XStype:1  SubType=3
      dE/dx and range tables from 100 eV  to 100 TeV in 84 bins
      Lambda tables from threshold to 100 TeV, 7 bins/decade, spline: 0
      ===== EM models for the G4Region  DefaultRegionForTheWorld ======
               hBrem : Emin=    0 eV  Emax=  100 TeV  ModifiedMephi

hPairProd:  for kaon+  XStype:1  SubType=4
      dE/dx and range tables from 100 eV  to 100 TeV in 84 bins
      Lambda tables from threshold to 100 TeV, 7 bins/decade, spline: 0
      Sampling table 18x1001; from 3.94942 GeV to 100 TeV 
      ===== EM models for the G4Region  DefaultRegionForTheWorld ======
           hPairProd : Emin=    0 eV  Emax=  100 TeV  ModifiedMephi

CoulombScat:  for kaon+ XStype:1 SubType=1 BuildTable=1
      Lambda table from threshold  to 100 TeV, 7 bins/decade, spline: 0
      ThetaMin(p) < Theta(degree) < 180; pLimit(GeV^1)= 0.139531
      ===== EM models for the G4Region  DefaultRegionForTheWorld ======
  eCoulombScattering : Emin=    0 eV  Emax=  100 TeV

msc:  for kaon-  SubType= 10
      ===== EM models for the G4Region  DefaultRegionForTheWorld ======
        WentzelVIUni : Emin=    0 eV  Emax=  100 TeV Nbins=84 100 eV  - 100 TeV
          StepLim=Minimal Rfact=0.2 Gfact=2.5 Sfact=0.6 DispFlag:0 Skin=1 Llim=1 mm

hIoni:  for kaon-  XStype:1  SubType=2
      dE/dx and range tables from 100 eV  to 100 TeV in 84 bins
      Lambda tables from threshold to 100 TeV, 7 bins/decade, spline: 1
      StepFunction=(0.01, 0.01 mm), integ: 1, fluct: 1, linLossLim= 0.01
      ===== EM models for the G4Region  DefaultRegionForTheWorld ======
            ICRU73QO : Emin=    0 eV  Emax=1.05231 MeV
          BetheBloch : Emin=1.05231 MeV Emax=  100 TeV

hBrems:  for kaon-  XStype:1  SubType=3
      dE/dx and range tables from 100 eV  to 100 TeV in 84 bins
      Lambda tables from threshold to 100 TeV, 7 bins/decade, spline: 0
      ===== EM models for the G4Region  DefaultRegionForTheWorld ======
               hBrem : Emin=    0 eV  Emax=  100 TeV  ModifiedMephi

hPairProd:  for kaon-  XStype:1  SubType=4
      dE/dx and range tables from 100 eV  to 100 TeV in 84 bins
      Lambda tables from threshold to 100 TeV, 7 bins/decade, spline: 0
      Sampling table 18x1001; from 3.94942 GeV to 100 TeV 
      ===== EM models for the G4Region  DefaultRegionForTheWorld ======
           hPairProd : Emin=    0 eV  Emax=  100 TeV  ModifiedMephi

CoulombScat:  for kaon- XStype:1 SubType=1 BuildTable=1
      Used Lambda table of kaon+
      ThetaMin(p) < Theta(degree) < 180; pLimit(GeV^1)= 0.139531
      ===== EM models for the G4Region  DefaultRegionForTheWorld ======
  eCoulombScattering : Emin=    0 eV  Emax=  100 TeV

msc:  for mu+  SubType= 10
      ===== EM models for the G4Region  DefaultRegionForTheWorld ======
        WentzelVIUni : Emin=    0 eV  Emax=  100 TeV Nbins=84 100 eV  - 100 TeV
          StepLim=Minimal Rfact=0.2 Gfact=2.5 Sfact=0.6 DispFlag:0 Skin=1 Llim=1 mm

muIoni:  for mu+  XStype:1  SubType=2
      dE/dx and range tables from 100 eV  to 100 TeV in 84 bins
      Lambda tables from threshold to 100 TeV, 7 bins/decade, spline: 1
      StepFunction=(0.01, 0.01 mm), integ: 1, fluct: 1, linLossLim= 0.01
      ===== EM models for the G4Region  DefaultRegionForTheWorld ======
               Bragg : Emin=    0 eV  Emax=  200 keV
          BetheBloch : Emin=  200 keV Emax=    1 GeV
        MuBetheBloch : Emin=    1 GeV Emax=  100 TeV

muBrems:  for mu+  XStype:1  SubType=3
      dE/dx and range tables from 100 eV  to 100 TeV in 84 bins
      Lambda tables from threshold to 100 TeV, 7 bins/decade, spline: 0
      ===== EM models for the G4Region  DefaultRegionForTheWorld ======
              MuBrem : Emin=    0 eV  Emax=  100 TeV  ModifiedMephi

muPairProd:  for mu+  XStype:1  SubType=4
      dE/dx and range tables from 100 eV  to 100 TeV in 84 bins
      Lambda tables from threshold to 100 TeV, 7 bins/decade, spline: 0
      Sampling table 21x1001; from 1 GeV to 100 TeV 
      ===== EM models for the G4Region  DefaultRegionForTheWorld ======
          muPairProd : Emin=    0 eV  Emax=  100 TeV  ModifiedMephi

CoulombScat:  for mu+ XStype:1 SubType=1 BuildTable=1
      Lambda table from threshold  to 100 TeV, 7 bins/decade, spline: 0
      ThetaMin(p) < Theta(degree) < 180; pLimit(GeV^1)= 0.139531
      ===== EM models for the G4Region  DefaultRegionForTheWorld ======
  eCoulombScattering : Emin=    0 eV  Emax=  100 TeV

msc:  for mu-  SubType= 10
      ===== EM models for the G4Region  DefaultRegionForTheWorld ======
        WentzelVIUni : Emin=    0 eV  Emax=  100 TeV Nbins=84 100 eV  - 100 TeV
          StepLim=Minimal Rfact=0.2 Gfact=2.5 Sfact=0.6 DispFlag:0 Skin=1 Llim=1 mm

muIoni:  for mu-  XStype:1  SubType=2
      dE/dx and range tables from 100 eV  to 100 TeV in 84 bins
      Lambda tables from threshold to 100 TeV, 7 bins/decade, spline: 1
      StepFunction=(0.01, 0.01 mm), integ: 1, fluct: 1, linLossLim= 0.01
      ===== EM models for the G4Region  DefaultRegionForTheWorld ======
            ICRU73QO : Emin=    0 eV  Emax=  200 keV
          BetheBloch : Emin=  200 keV Emax=    1 GeV
        MuBetheBloch : Emin=    1 GeV Emax=  100 TeV

muBrems:  for mu-  XStype:1  SubType=3
      dE/dx and range tables from 100 eV  to 100 TeV in 84 bins
      Lambda tables from threshold to 100 TeV, 7 bins/decade, spline: 0
      ===== EM models for the G4Region  DefaultRegionForTheWorld ======
              MuBrem : Emin=    0 eV  Emax=  100 TeV  ModifiedMephi

muPairProd:  for mu-  XStype:1  SubType=4
      dE/dx and range tables from 100 eV  to 100 TeV in 84 bins
      Lambda tables from threshold to 100 TeV, 7 bins/decade, spline: 0
      Sampling table 21x1001; from 1 GeV to 100 TeV 
      ===== EM models for the G4Region  DefaultRegionForTheWorld ======
          muPairProd : Emin=    0 eV  Emax=  100 TeV  ModifiedMephi

CoulombScat:  for mu- XStype:1 SubType=1 BuildTable=1
      Used Lambda table of mu+
      ThetaMin(p) < Theta(degree) < 180; pLimit(GeV^1)= 0.139531
      ===== EM models for the G4Region  DefaultRegionForTheWorld ======
  eCoulombScattering : Emin=    0 eV  Emax=  100 TeV
NeutronHP: /Capture file for Z = 6, A = 12 is not found and NeutronHP will use /cvmfs/larsoft.opensciencegrid.org/products/g4neutron/v4_6/G4NDL4.6/Capture/CrossSection/6_nat_Carbon
NeutronHP: /Elastic file for Z = 6, A = 12 is not found and NeutronHP will use /cvmfs/larsoft.opensciencegrid.org/products/g4neutron/v4_6/G4NDL4.6/Elastic/CrossSection/6_nat_Carbon
NeutronHP: /Inelastic file for Z = 6, A = 12 is not found and NeutronHP will use /cvmfs/larsoft.opensciencegrid.org/products/g4neutron/v4_6/G4NDL4.6/Inelastic/CrossSection/6_nat_Carbon

Neutron HP Thermal Scattering Data: Following material-element pairs and/or elements are registered.

NeutronHP: /Elastic file for Z = 6, A = 12 is not found and NeutronHP will use /cvmfs/larsoft.opensciencegrid.org/products/g4neutron/v4_6/G4NDL4.6/Elastic/CrossSection/6_nat_Carbon

Neutron HP Thermal Scattering: Following material-element pairs or elements are registered.


Neutron HP Thermal Scattering Data: Following material-element pairs and/or elements are registered.


=======================================================
======       ParticleHP Physics Parameters     ========
=======================================================
 UseOnlyPhotoEvaporation ? 0
 SkipMissingIsotopes ?     0
 NeglectDoppler ?          0
 DoNotAdjustFinalState ?   0
 ProduceFissionFragments ? 1
 UseWendtFissionModel ?    0
 UseNRESP71Model ?         0
=======================================================

@@@ G4ParticleHPInelastic instantiated for particle neutron data directory variable is G4NEUTRONHPDATA pointing to /cvmfs/larsoft.opensciencegrid.org/products/g4neutron/v4_6/G4NDL4.6/Inelastic
NeutronHP: /Capture file for Z = 6, A = 12 is not found and NeutronHP will use /cvmfs/larsoft.opensciencegrid.org/products/g4neutron/v4_6/G4NDL4.6/Capture/CrossSection/6_nat_Carbon

msc:  for pi+  SubType= 10
      ===== EM models for the G4Region  DefaultRegionForTheWorld ======
        WentzelVIUni : Emin=    0 eV  Emax=  100 TeV Nbins=84 100 eV  - 100 TeV
          StepLim=Minimal Rfact=0.2 Gfact=2.5 Sfact=0.6 DispFlag:0 Skin=1 Llim=1 mm

hIoni:  for pi+  XStype:1  SubType=2
      dE/dx and range tables from 100 eV  to 100 TeV in 84 bins
      Lambda tables from threshold to 100 TeV, 7 bins/decade, spline: 1
      StepFunction=(0.01, 0.01 mm), integ: 1, fluct: 1, linLossLim= 0.01
      ===== EM models for the G4Region  DefaultRegionForTheWorld ======
               Bragg : Emin=    0 eV  Emax=297.505 keV
          BetheBloch : Emin=297.505 keV Emax=  100 TeV

hBrems:  for pi+  XStype:1  SubType=3
      dE/dx and range tables from 100 eV  to 100 TeV in 84 bins
      Lambda tables from threshold to 100 TeV, 7 bins/decade, spline: 0
      ===== EM models for the G4Region  DefaultRegionForTheWorld ======
               hBrem : Emin=    0 eV  Emax=  100 TeV  ModifiedMephi

hPairProd:  for pi+  XStype:1  SubType=4
      dE/dx and range tables from 100 eV  to 100 TeV in 84 bins
      Lambda tables from threshold to 100 TeV, 7 bins/decade, spline: 0
      Sampling table 20x1001; from 1.11656 GeV to 100 TeV 
      ===== EM models for the G4Region  DefaultRegionForTheWorld ======
           hPairProd : Emin=    0 eV  Emax=  100 TeV  ModifiedMephi

CoulombScat:  for pi+ XStype:1 SubType=1 BuildTable=1
      Lambda table from threshold  to 100 TeV, 7 bins/decade, spline: 0
      ThetaMin(p) < Theta(degree) < 180; pLimit(GeV^1)= 0.139531
      ===== EM models for the G4Region  DefaultRegionForTheWorld ======
  eCoulombScattering : Emin=    0 eV  Emax=  100 TeV

msc:  for pi-  SubType= 10
      ===== EM models for the G4Region  DefaultRegionForTheWorld ======
        WentzelVIUni : Emin=    0 eV  Emax=  100 TeV Nbins=84 100 eV  - 100 TeV
          StepLim=Minimal Rfact=0.2 Gfact=2.5 Sfact=0.6 DispFlag:0 Skin=1 Llim=1 mm

hIoni:  for pi-  XStype:1  SubType=2
      dE/dx and range tables from 100 eV  to 100 TeV in 84 bins
      Lambda tables from threshold to 100 TeV, 7 bins/decade, spline: 1
      StepFunction=(0.01, 0.01 mm), integ: 1, fluct: 1, linLossLim= 0.01
      ===== EM models for the G4Region  DefaultRegionForTheWorld ======
            ICRU73QO : Emin=    0 eV  Emax=297.505 keV
          BetheBloch : Emin=297.505 keV Emax=  100 TeV

hBrems:  for pi-  XStype:1  SubType=3
      dE/dx and range tables from 100 eV  to 100 TeV in 84 bins
      Lambda tables from threshold to 100 TeV, 7 bins/decade, spline: 0
      ===== EM models for the G4Region  DefaultRegionForTheWorld ======
               hBrem : Emin=    0 eV  Emax=  100 TeV  ModifiedMephi

hPairProd:  for pi-  XStype:1  SubType=4
      dE/dx and range tables from 100 eV  to 100 TeV in 84 bins
      Lambda tables from threshold to 100 TeV, 7 bins/decade, spline: 0
      Sampling table 20x1001; from 1.11656 GeV to 100 TeV 
      ===== EM models for the G4Region  DefaultRegionForTheWorld ======
           hPairProd : Emin=    0 eV  Emax=  100 TeV  ModifiedMephi

CoulombScat:  for pi- XStype:1 SubType=1 BuildTable=1
      Used Lambda table of pi+
      ThetaMin(p) < Theta(degree) < 180; pLimit(GeV^1)= 0.139531
      ===== EM models for the G4Region  DefaultRegionForTheWorld ======
  eCoulombScattering : Emin=    0 eV  Emax=  100 TeV

====================================================================
                  HADRONIC PROCESSES SUMMARY (verbose level 1)

---------------------------------------------------
                           Hadronic Processes for B-

  Process: hadElastic
        Model:              hElasticLHEP: 0 eV  ---> 100 TeV
     Cr_sctns:            Glauber-Gribov: 0 eV  ---> 100 TeV

  Process: B-Inelastic
        Model:                      FTFP: 0 eV  ---> 100 TeV
     Cr_sctns:            Glauber-Gribov: 0 eV  ---> 100 TeV

---------------------------------------------------
                           Hadronic Processes for D-

  Process: hadElastic
        Model:              hElasticLHEP: 0 eV  ---> 100 TeV
     Cr_sctns:            Glauber-Gribov: 0 eV  ---> 100 TeV

  Process: D-Inelastic
        Model:                      FTFP: 0 eV  ---> 100 TeV
     Cr_sctns:            Glauber-Gribov: 0 eV  ---> 100 TeV

---------------------------------------------------
                           Hadronic Processes for GenericIon

  Process: ionElastic
        Model:          NNDiffuseElastic: 0 eV /n ---> 100 TeV/n
     Cr_sctns:  Glauber-Gribov Nucl-nucl: 0 eV  ---> 25.6 PeV

  Process: ionInelastic
        Model:  Binary Light Ion Cascade: 0 eV /n ---> 110 MeV/n
        Model:                  QMDModel: 100 MeV/n ---> 6 GeV/n
        Model:                      FTFP: 5.99 GeV/n ---> 100 TeV/n
     Cr_sctns:  Glauber-Gribov Nucl-nucl: 0 eV  ---> 25.6 PeV

  Process: RadioactiveDecay

---------------------------------------------------
                           Hadronic Processes for He3

  Process: hadElastic
        Model:              hElasticLHEP: 0 eV /n ---> 100 TeV/n
     Cr_sctns:  Glauber-Gribov Nucl-nucl: 0 eV  ---> 25.6 PeV

  Process: He3Inelastic
        Model:  Binary Light Ion Cascade: 0 eV /n ---> 110 MeV/n
        Model:                  QMDModel: 100 MeV/n ---> 6 GeV/n
        Model:                      FTFP: 5.99 GeV/n ---> 100 TeV/n
     Cr_sctns:  Glauber-Gribov Nucl-nucl: 0 eV  ---> 25.6 PeV

---------------------------------------------------
                           Hadronic Processes for alpha

  Process: hadElastic
        Model:              hElasticLHEP: 0 eV /n ---> 100 TeV/n
     Cr_sctns:  Glauber-Gribov Nucl-nucl: 0 eV  ---> 25.6 PeV

  Process: alphaInelastic
        Model:  Binary Light Ion Cascade: 0 eV /n ---> 110 MeV/n
        Model:                  QMDModel: 100 MeV/n ---> 6 GeV/n
        Model:                      FTFP: 5.99 GeV/n ---> 100 TeV/n
     Cr_sctns:  Glauber-Gribov Nucl-nucl: 0 eV  ---> 25.6 PeV

---------------------------------------------------
                           Hadronic Processes for anti_He3

  Process: hadElastic
        Model:              hElasticLHEP: 0 eV /n ---> 100.1 MeV/n
        Model:              AntiAElastic: 100 MeV/n ---> 100 TeV/n
     Cr_sctns:              AntiAGlauber: 0 eV  ---> 25.6 PeV

  Process: anti_He3Inelastic
        Model:                      FTFP: 0 eV /n ---> 100 TeV/n
     Cr_sctns:              AntiAGlauber: 0 eV  ---> 25.6 PeV

  Process: hFritiofCaptureAtRest

---------------------------------------------------
                           Hadronic Processes for anti_alpha

  Process: hadElastic
        Model:              hElasticLHEP: 0 eV /n ---> 100.1 MeV/n
        Model:              AntiAElastic: 100 MeV/n ---> 100 TeV/n
     Cr_sctns:              AntiAGlauber: 0 eV  ---> 25.6 PeV

  Process: anti_alphaInelastic
        Model:                      FTFP: 0 eV /n ---> 100 TeV/n
     Cr_sctns:              AntiAGlauber: 0 eV  ---> 25.6 PeV

  Process: hFritiofCaptureAtRest

---------------------------------------------------
                           Hadronic Processes for anti_deuteron

  Process: hadElastic
        Model:              hElasticLHEP: 0 eV /n ---> 100.1 MeV/n
        Model:              AntiAElastic: 100 MeV/n ---> 100 TeV/n
     Cr_sctns:              AntiAGlauber: 0 eV  ---> 25.6 PeV

  Process: anti_deuteronInelastic
        Model:                      FTFP: 0 eV /n ---> 100 TeV/n
     Cr_sctns:              AntiAGlauber: 0 eV  ---> 25.6 PeV

  Process: hFritiofCaptureAtRest

---------------------------------------------------
                           Hadronic Processes for anti_lambda

  Process: hadElastic
        Model:              hElasticLHEP: 0 eV  ---> 100 TeV
     Cr_sctns:            Glauber-Gribov: 0 eV  ---> 100 TeV

  Process: anti_lambdaInelastic
        Model:                      FTFP: 0 eV  ---> 100 TeV
     Cr_sctns:            Glauber-Gribov: 0 eV  ---> 100 TeV

  Process: hFritiofCaptureAtRest

---------------------------------------------------
                           Hadronic Processes for anti_neutron

  Process: hadElastic
        Model:              hElasticLHEP: 0 eV  ---> 100.1 MeV
        Model:              AntiAElastic: 100 MeV ---> 100 TeV
     Cr_sctns:              AntiAGlauber: 0 eV  ---> 25.6 PeV

  Process: anti_neutronInelastic
        Model:                      FTFP: 0 eV  ---> 100 TeV
     Cr_sctns:              AntiAGlauber: 0 eV  ---> 25.6 PeV

  Process: hFritiofCaptureAtRest

---------------------------------------------------
                           Hadronic Processes for anti_proton

  Process: hadElastic
        Model:              hElasticLHEP: 0 eV  ---> 100.1 MeV
        Model:              AntiAElastic: 100 MeV ---> 100 TeV
     Cr_sctns:              AntiAGlauber: 0 eV  ---> 25.6 PeV

  Process: anti_protonInelastic
        Model:                      FTFP: 0 eV  ---> 100 TeV
     Cr_sctns:              AntiAGlauber: 0 eV  ---> 25.6 PeV

  Process: hFritiofCaptureAtRest

---------------------------------------------------
                           Hadronic Processes for anti_triton

  Process: hadElastic
        Model:              hElasticLHEP: 0 eV /n ---> 100.1 MeV/n
        Model:              AntiAElastic: 100 MeV/n ---> 100 TeV/n
     Cr_sctns:              AntiAGlauber: 0 eV  ---> 25.6 PeV

  Process: anti_tritonInelastic
        Model:                      FTFP: 0 eV /n ---> 100 TeV/n
     Cr_sctns:              AntiAGlauber: 0 eV  ---> 25.6 PeV

  Process: hFritiofCaptureAtRest

---------------------------------------------------
                           Hadronic Processes for deuteron

  Process: hadElastic
        Model:              hElasticLHEP: 0 eV /n ---> 100 TeV/n
     Cr_sctns:  Glauber-Gribov Nucl-nucl: 0 eV  ---> 25.6 PeV

  Process: dInelastic
        Model:  Binary Light Ion Cascade: 0 eV /n ---> 110 MeV/n
        Model:                  QMDModel: 100 MeV/n ---> 6 GeV/n
        Model:                      FTFP: 5.99 GeV/n ---> 100 TeV/n
     Cr_sctns:  Glauber-Gribov Nucl-nucl: 0 eV  ---> 25.6 PeV

---------------------------------------------------
                           Hadronic Processes for e+

  Process: positronNuclear
        Model:   G4ElectroVDNuclearModel: 0 eV  ---> 1 PeV
     Cr_sctns:          ElectroNuclearXS: 0 eV  ---> 100 TeV

---------------------------------------------------
                           Hadronic Processes for e-

  Process: electronNuclear
        Model:   G4ElectroVDNuclearModel: 0 eV  ---> 1 PeV
     Cr_sctns:          ElectroNuclearXS: 0 eV  ---> 100 TeV

---------------------------------------------------
                           Hadronic Processes for gamma

  Process: photonNuclear
        Model:               GammaNPreco: 0 eV  ---> 200 MeV
        Model:            BertiniCascade: 199 MeV ---> 6 GeV
        Model:           TheoFSGenerator: 3 GeV ---> 100 TeV
     Cr_sctns:            GammaNuclearXS: 0 eV  ---> 100 TeV

---------------------------------------------------
                           Hadronic Processes for kaon+

  Process: hadElastic
        Model:              hElasticLHEP: 0 eV  ---> 100 TeV
     Cr_sctns:            Glauber-Gribov: 0 eV  ---> 100 TeV

  Process: kaon+Inelastic
        Model:                      FTFP: 3 GeV ---> 100 TeV
        Model:            BertiniCascade: 0 eV  ---> 6 GeV
     Cr_sctns:            Glauber-Gribov: 0 eV  ---> 100 TeV

---------------------------------------------------
                           Hadronic Processes for kaon-

  Process: hadElastic
        Model:              hElasticLHEP: 0 eV  ---> 100 TeV
     Cr_sctns:            Glauber-Gribov: 0 eV  ---> 100 TeV

  Process: kaon-Inelastic
        Model:                      FTFP: 3 GeV ---> 100 TeV
        Model:            BertiniCascade: 0 eV  ---> 6 GeV
     Cr_sctns:            Glauber-Gribov: 0 eV  ---> 100 TeV

  Process: hBertiniCaptureAtRest

---------------------------------------------------
                           Hadronic Processes for lambda

  Process: hadElastic
        Model:              hElasticLHEP: 0 eV  ---> 100 TeV
     Cr_sctns:            Glauber-Gribov: 0 eV  ---> 100 TeV

  Process: lambdaInelastic
        Model:                      FTFP: 3 GeV ---> 100 TeV
        Model:            BertiniCascade: 0 eV  ---> 6 GeV
     Cr_sctns:            Glauber-Gribov: 0 eV  ---> 100 TeV

---------------------------------------------------
                           Hadronic Processes for mu+

  Process: muonNuclear
        Model:      G4MuonVDNuclearModel: 0 eV  ---> 1 PeV
     Cr_sctns:     KokoulinMuonNuclearXS: 0 eV  ---> 100 TeV

---------------------------------------------------
                           Hadronic Processes for mu-

  Process: muonNuclear
        Model:      G4MuonVDNuclearModel: 0 eV  ---> 1 PeV
     Cr_sctns:     KokoulinMuonNuclearXS: 0 eV  ---> 100 TeV

  Process: muMinusCaptureAtRest

---------------------------------------------------
                           Hadronic Processes for neutron

  Process: hadElastic
        Model:             hElasticCHIPS: 19.5 MeV ---> 100 TeV
        Model:          NeutronHPElastic: 4 eV  ---> 20 MeV
        Model: NeutronHPThermalScattering: 0 eV  ---> 4 eV 
     Cr_sctns: NeutronHPThermalScatteringData: 0 eV  ---> 4 eV 
     Cr_sctns:        NeutronHPElasticXS: 0 eV  ---> 20 MeV
     Cr_sctns:        G4NeutronElasticXS: 0 eV  ---> 100 TeV

  Process: neutronInelastic
        Model:                      FTFP: 3 GeV ---> 100 TeV
        Model:            BertiniCascade: 19.9 MeV ---> 6 GeV
        Model:        NeutronHPInelastic: 0 eV  ---> 20 MeV
     Cr_sctns:      NeutronHPInelasticXS: 0 eV  ---> 20 MeV
     Cr_sctns: JENDLHEInelasticCrossSection: 0 eV  ---> 100 TeV
     Cr_sctns:      G4NeutronInelasticXS: 0 eV  ---> 100 TeV

  Process: nCapture
        Model:          NeutronHPCapture: 0 eV  ---> 20 MeV
        Model:               nRadCapture: 19.9 MeV ---> 100 TeV
     Cr_sctns:        NeutronHPCaptureXS: 0 eV  ---> 20 MeV
     Cr_sctns:        G4NeutronCaptureXS: 0 eV  ---> 100 TeV

  Process: nFission
        Model:          NeutronHPFission: 0 eV  ---> 20 MeV
        Model:                G4LFission: 19.9 MeV ---> 100 TeV
     Cr_sctns:        NeutronHPFissionXS: 0 eV  ---> 20 MeV
     Cr_sctns:                    ZeroXS: 0 eV  ---> 100 TeV

---------------------------------------------------
                           Hadronic Processes for pi+

  Process: hadElastic
        Model:           hElasticGlauber: 0 eV  ---> 100 TeV
     Cr_sctns:  BarashenkovGlauberGribov: 0 eV  ---> 100 TeV

  Process: pi+Inelastic
        Model:                      FTFP: 3 GeV ---> 100 TeV
        Model:            BertiniCascade: 0 eV  ---> 6 GeV
     Cr_sctns:  BarashenkovGlauberGribov: 0 eV  ---> 100 TeV

---------------------------------------------------
                           Hadronic Processes for pi-

  Process: hadElastic
        Model:           hElasticGlauber: 0 eV  ---> 100 TeV
     Cr_sctns:  BarashenkovGlauberGribov: 0 eV  ---> 100 TeV

  Process: pi-Inelastic
        Model:                      FTFP: 3 GeV ---> 100 TeV
        Model:            BertiniCascade: 0 eV  ---> 6 GeV
     Cr_sctns:  BarashenkovGlauberGribov: 0 eV  ---> 100 TeV

  Process: hBertiniCaptureAtRest

---------------------------------------------------
                           Hadronic Processes for proton

  Process: hadElastic
        Model:             hElasticCHIPS: 0 eV  ---> 100 TeV
     Cr_sctns:  BarashenkovGlauberGribov: 0 eV  ---> 100 TeV

  Process: protonInelastic
        Model:                      FTFP: 3 GeV ---> 100 TeV
        Model:            BertiniCascade: 0 eV  ---> 6 GeV
     Cr_sctns:  BarashenkovGlauberGribov: 0 eV  ---> 100 TeV

---------------------------------------------------
                           Hadronic Processes for sigma-

  Process: hadElastic
        Model:              hElasticLHEP: 0 eV  ---> 100 TeV
     Cr_sctns:            Glauber-Gribov: 0 eV  ---> 100 TeV

  Process: sigma-Inelastic
        Model:                      FTFP: 3 GeV ---> 100 TeV
        Model:            BertiniCascade: 0 eV  ---> 6 GeV
     Cr_sctns:            Glauber-Gribov: 0 eV  ---> 100 TeV

  Process: hBertiniCaptureAtRest

---------------------------------------------------
                           Hadronic Processes for triton

  Process: hadElastic
        Model:              hElasticLHEP: 0 eV /n ---> 100 TeV/n
     Cr_sctns:  Glauber-Gribov Nucl-nucl: 0 eV  ---> 25.6 PeV

  Process: tInelastic
        Model:  Binary Light Ion Cascade: 0 eV /n ---> 110 MeV/n
        Model:                  QMDModel: 100 MeV/n ---> 6 GeV/n
        Model:                      FTFP: 5.99 GeV/n ---> 100 TeV/n
     Cr_sctns:  Glauber-Gribov Nucl-nucl: 0 eV  ---> 25.6 PeV

================================================================
=======================================================================
======       Pre-compound/De-excitation Physics Parameters     ========
=======================================================================
Type of pre-compound inverse x-section              3
Pre-compound model active                           1
Pre-compound excitation low energy (MeV)            0.1
Pre-compound excitation high energy (MeV)           30
Type of de-excitation inverse x-section             3
Type of de-excitation factory                       Evaporation+GEM
Number of de-excitation channels                    68
Min excitation energy (keV)                         0.01
Min energy per nucleon for multifragmentation (MeV) 2e+05
Limit excitation energy for Fermi BreakUp (MeV)     20
Level density (1/MeV)                               0.075
Use simple level density model                      1
Use discrete excitation energy of the residual      0
Time limit for long lived isomeres (ns)             1442.7
Isomer production flag                              1
Internal e- conversion flag                         1
Store e- internal conversion data                   1
Correlated gamma emission flag                      0
Max 2J for sampling of angular correlations         10
=======================================================================
Gsim: Simulating run 1
Gsim: Run start at Wed, 13 Mar 2024 01:38:25 +0000 (GMT) +251979000 nsec
PDFPMTTime: Setting up PDF PMTTime model for r14688
PDFPMTCharge: Setting up PDF PMTCharge model for r14688
outroot: No output file specified, opening output.root
OutROOTProc: Writing to output.root
0 events have been kept for refreshing and/or reviewing.
  "/vis/reviewKeptEvents" to review them one by one.
  "/vis/enable", then "/vis/viewer/flush" or "/vis/viewer/rebuild" to see them accumulated.
Processor usage statistics
--------------------------
             Event source: -nan sec/event
                    prune: 0.000 sec/event
                simpledaq: 0.018 sec/event
                    count: 0.000 sec/event
                  outroot: 7.807 sec/event
--------------------------
Total: -nan sec/event

CountProc: Total # of events 1 (1 triggered events)
Graphics systems deleted.
Visualization Manager deleting...
WARNING - Attempt to delete the solid store while geometry closed !
WARNING - Attempt to delete the logical volume store while geometry closed !
WARNING - Attempt to delete the physical volume store while geometry closed !
WARNING - Attempt to delete the region store while geometry closed !
